<?xml version="1.0" encoding="UTF-8"?>
<!-- Generated by org.testng.reporters.JUnitReportReporter -->
<testsuite skipped="0" hostname="nb2495" name="com.eurowings.qa.testcases.TC01VerifyFlightStatus" tests="3" failures="0" timestamp="2021-01-24T23:26:33 CET" time="81.790" errors="0">
  <testcase name="verifyFlightSearchToday" time="25.425" classname="com.eurowings.qa.testcases.TC01VerifyFlightStatus"/>
  <system-out/>
  <testcase name="verifyFlightSearchTomorrow" time="25.629" classname="com.eurowings.qa.testcases.TC01VerifyFlightStatus"/>
  <system-out/>
  <testcase name="verifyUpdateStatus" time="30.736" classname="com.eurowings.qa.testcases.TC01VerifyFlightStatus"/>
  <system-out/>
</testsuite> <!-- com.eurowings.qa.testcases.TC01VerifyFlightStatus -->
