<?xml version="1.0" encoding="UTF-8"?>
<!-- Generated by org.testng.reporters.JUnitReportReporter -->
<testsuite skipped="0" hostname="nb2495" name="com.komoot.qa.testcases.TC02VerifyUserLogin" tests="1" failures="0" timestamp="2021-01-18T01:54:18 CET" time="31.508" errors="0">
  <testcase name="VerifyUserLogin" time="31.508" classname="com.komoot.qa.testcases.TC02VerifyUserLogin"/>
  <system-out/>
</testsuite> <!-- com.komoot.qa.testcases.TC02VerifyUserLogin -->
