<?xml version="1.0" encoding="UTF-8"?>
<!-- Generated by org.testng.reporters.JUnitReportReporter -->
<testsuite skipped="0" hostname="nb2495" name="com.komoot.qa.testcases.TC05VerifyHiking" tests="1" failures="0" timestamp="2021-01-18T01:54:18 CET" time="43.546" errors="0">
  <testcase name="VerifyHiking" time="43.546" classname="com.komoot.qa.testcases.TC05VerifyHiking"/>
  <system-out/>
</testsuite> <!-- com.komoot.qa.testcases.TC05VerifyHiking -->
