<?xml version="1.0" encoding="UTF-8"?>
<!-- Generated by org.testng.reporters.JUnitReportReporter -->
<testsuite skipped="0" hostname="nb2495" name="com.komoot.qa.testcases.TC04UpdateProfile" tests="1" failures="0" timestamp="2021-01-18T01:54:18 CET" time="33.540" errors="0">
  <testcase name="VerifyUpdateProfile" time="33.540" classname="com.komoot.qa.testcases.TC04UpdateProfile"/>
  <system-out/>
</testsuite> <!-- com.komoot.qa.testcases.TC04UpdateProfile -->
